<?xml version="1.0" encoding="UTF-8" ?>
<testsuite tests="13" failures="0" name="InventoryTest" time="0.004" errors="0" skipped="0">
  <properties>
    <property name="jansi.mode" value="strip"/>
    <property name="java.runtime.name" value="OpenJDK Runtime Environment"/>
    <property name="java.vm.version" value="17.0.3+7"/>
    <property name="sun.boot.library.path" value="C:\Users\peter\.p2\pool\plugins\org.eclipse.justj.openjdk.hotspot.jre.full.win32.x86_64_17.0.3.v20220515-1416\jre\bin"/>
    <property name="maven.multiModuleProjectDirectory" value="C:\Users\peter\OneDrive\Documents\GitHub\guilded-rose\pica-java-assessment"/>
    <property name="java.vm.vendor" value="Eclipse Adoptium"/>
    <property name="java.vendor.url" value="https://adoptium.net/"/>
    <property name="guice.disable.misplaced.annotation.check" value="true"/>
    <property name="path.separator" value=";"/>
    <property name="java.vm.name" value="OpenJDK 64-Bit Server VM"/>
    <property name="sun.os.patch.level" value=""/>
    <property name="user.script" value=""/>
    <property name="user.country" value="US"/>
    <property name="sun.java.launcher" value="SUN_STANDARD"/>
    <property name="java.vm.specification.name" value="Java Virtual Machine Specification"/>
    <property name="user.dir" value="C:\Users\peter\OneDrive\Documents\GitHub\guilded-rose\pica-java-assessment"/>
    <property name="java.vm.compressedOopsMode" value="Zero based"/>
    <property name="java.runtime.version" value="17.0.3+7"/>
    <property name="os.arch" value="amd64"/>
    <property name="java.io.tmpdir" value="C:\Users\peter\AppData\Local\Temp\"/>
    <property name="line.separator" value="
"/>
    <property name="java.vm.specification.vendor" value="Oracle Corporation"/>
    <property name="user.variant" value=""/>
    <property name="os.name" value="Windows 11"/>
    <property name="classworlds.conf" value="C:\Users\peter\eclipse-workspace\.metadata\.plugins\org.eclipse.m2e.launching\launches\m2conf638562807252072071.tmp"/>
    <property name="sun.jnu.encoding" value="Cp1252"/>
    <property name="java.library.path" value="C:\Users\peter\.p2\pool\plugins\org.eclipse.justj.openjdk.hotspot.jre.full.win32.x86_64_17.0.3.v20220515-1416\jre\bin;C:\WINDOWS\Sun\Java\bin;C:\WINDOWS\system32;C:\WINDOWS;C:/Users/peter/.p2/pool/plugins/org.eclipse.justj.openjdk.hotspot.jre.full.win32.x86_64_17.0.3.v20220515-1416/jre/bin/server;C:/Users/peter/.p2/pool/plugins/org.eclipse.justj.openjdk.hotspot.jre.full.win32.x86_64_17.0.3.v20220515-1416/jre/bin;C:\Program Files (x86)\Common Files\Oracle\Java\javapath;C:\Windows\system32;C:\Windows;C:\Windows\System32\Wbem;C:\Windows\System32\WindowsPowerShell\v1.0\;C:\Windows\System32\OpenSSH\;C:\Program Files (x86)\NVIDIA Corporation\PhysX\Common;C:\Program Files\NVIDIA Corporation\NVIDIA NvDLISR;C:\WINDOWS\system32;C:\WINDOWS;C:\WINDOWS\System32\Wbem;C:\WINDOWS\System32\WindowsPowerShell\v1.0\;C:\WINDOWS\System32\OpenSSH\;C:\Users\peter\AppData\Local\Microsoft\WindowsApps;C:\Users\peter\AppData\Local\GitHubDesktop\bin;C:\WINDOWS\system32;;."/>
    <property name="jdk.debug" value="release"/>
    <property name="java.class.version" value="61.0"/>
    <property name="java.specification.name" value="Java Platform API Specification"/>
    <property name="sun.management.compiler" value="HotSpot 64-Bit Tiered Compilers"/>
    <property name="os.version" value="10.0"/>
    <property name="user.home" value="C:\Users\peter"/>
    <property name="user.timezone" value="America/New_York"/>
    <property name="file.encoding" value="UTF-8"/>
    <property name="java.specification.version" value="17"/>
    <property name="user.name" value="peter"/>
    <property name="java.class.path" value="C:\Users\peter\.p2\pool\plugins\org.eclipse.m2e.maven.runtime_1.18.3.20220227-1319\jars\plexus-classworlds-2.6.0.jar"/>
    <property name="java.vm.specification.version" value="17"/>
    <property name="sun.arch.data.model" value="64"/>
    <property name="sun.java.command" value="org.codehaus.plexus.classworlds.launcher.Launcher -B package"/>
    <property name="java.home" value="C:\Users\peter\.p2\pool\plugins\org.eclipse.justj.openjdk.hotspot.jre.full.win32.x86_64_17.0.3.v20220515-1416\jre"/>
    <property name="user.language" value="en"/>
    <property name="java.specification.vendor" value="Oracle Corporation"/>
    <property name="java.vm.info" value="mixed mode"/>
    <property name="java.version" value="17.0.3"/>
    <property name="native.encoding" value="Cp1252"/>
    <property name="java.vendor" value="Eclipse Adoptium"/>
    <property name="maven.home" value="C:\Users\peter\OneDrive\Documents\GitHub\guilded-rose\pica-java-assessment\EMBEDDED"/>
    <property name="file.separator" value="\"/>
    <property name="java.version.date" value="2022-04-19"/>
    <property name="java.vendor.url.bug" value="https://github.com/adoptium/adoptium-support/issues"/>
    <property name="sun.io.unicode.encoding" value="UnicodeLittle"/>
    <property name="sun.cpu.endian" value="little"/>
    <property name="java.vendor.version" value="Temurin-17.0.3+7"/>
    <property name="sun.cpu.isalist" value="amd64"/>
  </properties>
  <testcase classname="InventoryTest" name="should_increase_backstage_passes_quality_by_3_when_the_concert_is_5_days_or_less_away" time="0.004"/>
  <testcase classname="InventoryTest" name="should_increase_backstage_passes_quality_by_2_when_the_concert_is_10_days_or_less_away" time="0"/>
  <testcase classname="InventoryTest" name="should_not_lower_the_quality_below_zero" time="0"/>
  <testcase classname="InventoryTest" name="should_lower_the_quality_by_one_for_normal_items" time="0"/>
  <testcase classname="InventoryTest" name="should_lower_backstage_passes_to_zero_quality_once_concert_has_happened" time="0"/>
  <testcase classname="InventoryTest" name="should_never_changes_sellIn_of_Sulfuras" time="0"/>
  <testcase classname="InventoryTest" name="should_increase_the_quality_of_aged_brie_as_it_gets_older" time="0"/>
  <testcase classname="InventoryTest" name="should_not_increase_backstage_passes_above_a_quality_of_50" time="0"/>
  <testcase classname="InventoryTest" name="should_never_changes_quailty_of_Sulfuras" time="0"/>
  <testcase classname="InventoryTest" name="should_not_increase_the_quality_of_aged_brie_over_50" time="0"/>
  <testcase classname="InventoryTest" name="should_lower_the_sellIn_by_one_for_normal_items" time="0"/>
  <testcase classname="InventoryTest" name="should_increase_backstage_passes_quality_by_1_when_the_concert_is_more_than_10_days_away" time="0"/>
  <testcase classname="InventoryTest" name="should_lower_the_quality_twice_as_fast_once_the_sell_in_date_has_passed" time="0"/>
</testsuite>